<?xml version="1.0" encoding="UTF-8"?>
<!-- Generated by org.testng.reporters.JUnitReportReporter -->
<testsuite hostname="Pramesh" failures="0" tests="1" name="com.ui.tests.ProductCheckoutTest" time="26.366" errors="0" timestamp="2025-02-13T22:31:03 IST" skipped="0">
  <testcase classname="com.ui.tests.ProductCheckoutTest" name="checkoutTest" time="26.366"/>
</testsuite> <!-- com.ui.tests.ProductCheckoutTest -->
