<?xml version="1.0" encoding="UTF-8"?>
<!-- Generated by org.testng.reporters.JUnitReportReporter -->
<testsuite hostname="Pramesh" failures="0" tests="1" name="com.ui.tests.AddNewAddressTest" time="11.941" errors="0" timestamp="2025-02-12T23:12:26 IST" skipped="0">
  <testcase classname="com.ui.tests.AddNewAddressTest" name="addNewAddress" time="11.941"/>
</testsuite> <!-- com.ui.tests.AddNewAddressTest -->
